<?xml version="1.0" encoding="UTF-8"?>
<!-- Generated by org.testng.reporters.JUnitReportReporter -->
<testsuite skipped="0" hostname="DESKTOP-S7ROE8B" name="tests.NewTest" tests="1" failures="0" timestamp="05 Aug 2019 10:09:28 GMT" time="50.610" errors="0">
  <testcase name="openMyBlog" time="50.610" classname="tests.NewTest"/>
</testsuite> <!-- tests.NewTest -->
